#
# There is insufficient memory for the Java Runtime Environment to continue.
# Native memory allocation (malloc) failed to allocate 401604608 bytes for committing reserved memory.
# Possible reasons:
#   The system is out of physical RAM or swap space
#   In 32 bit mode, the process size limit was hit
# Possible solutions:
#   Reduce memory load on the system
#   Increase physical memory or swap space
#   Check if swap backing store is full
#   Use 64 bit Java on a 64 bit OS
#   Decrease Java heap size (-Xmx/-Xms)
#   Decrease number of Java threads
#   Decrease Java thread stack sizes (-Xss)
#   Set larger code cache with -XX:ReservedCodeCacheSize=
# This output file may be truncated or incomplete.
#
#  Out of Memory Error (os_linux.cpp:2726), pid=10740, tid=139984097396480
#
# JRE version: Java(TM) SE Runtime Environment (7.0_51-b13) (build 1.7.0_51-b13)
# Java VM: Java HotSpot(TM) 64-Bit Server VM (24.51-b03 mixed mode linux-amd64 compressed oops)
# Failed to write core dump. Core dumps have been disabled. To enable core dumping, try "ulimit -c unlimited" before starting Java again
#

---------------  T H R E A D  ---------------

Current thread (0x00007f509c069000):  VMThread [stack: 0x00007f5096564000,0x00007f5096665000] [id=10751]

Stack: [0x00007f5096564000,0x00007f5096665000],  sp=0x00007f5096663320,  free space=1020k
Native frames: (J=compiled Java code, j=interpreted, Vv=VM code, C=native code)
V  [libjvm.so+0x992f4a]  VMError::report_and_die()+0x2ea
V  [libjvm.so+0x4931ab]  report_vm_out_of_memory(char const*, int, unsigned long, char const*)+0x9b
V  [libjvm.so+0x81338e]  os::Linux::commit_memory_impl(char*, unsigned long, bool)+0xfe
V  [libjvm.so+0x81383f]  os::Linux::commit_memory_impl(char*, unsigned long, unsigned long, bool)+0x4f
V  [libjvm.so+0x813a2c]  os::pd_commit_memory(char*, unsigned long, unsigned long, bool)+0xc
V  [libjvm.so+0x80daea]  os::commit_memory(char*, unsigned long, unsigned long, bool)+0x2a
V  [libjvm.so+0x87fcd3]  PSVirtualSpace::expand_by(unsigned long)+0x53
V  [libjvm.so+0x8810a8]  PSYoungGen::resize_generation(unsigned long, unsigned long)+0xf8
V  [libjvm.so+0x880212]  PSYoungGen::resize(unsigned long, unsigned long)+0x22
V  [libjvm.so+0x87d6ab]  PSScavenge::invoke_no_policy()+0xf3b
V  [libjvm.so+0x87de11]  PSScavenge::invoke()+0x41
V  [libjvm.so+0x834f10]  ParallelScavengeHeap::failed_mem_allocate(unsigned long)+0x70
V  [libjvm.so+0x9947e7]  VM_ParallelGCFailedAllocation::doit()+0x97
V  [libjvm.so+0x99bc15]  VM_Operation::evaluate()+0x55
V  [libjvm.so+0x99a04a]  VMThread::evaluate_operation(VM_Operation*)+0xba
V  [libjvm.so+0x99a3ce]  VMThread::loop()+0x1ce
V  [libjvm.so+0x99a840]  VMThread::run()+0x70
V  [libjvm.so+0x815538]  java_start(Thread*)+0x108

VM_Operation (0x00007f50a2677600): ParallelGCFailedAllocation, mode: safepoint, requested by thread 0x00007f509c009800


---------------  P R O C E S S  ---------------

Java Threads: ( => current thread )
  0x00007f509c096000 JavaThread "Service Thread" daemon [_thread_blocked, id=10757, stack(0x00007f509587c000,0x00007f509597d000)]
  0x00007f509c094000 JavaThread "C2 CompilerThread1" daemon [_thread_blocked, id=10756, stack(0x00007f509597d000,0x00007f5095a7e000)]
  0x00007f509c091000 JavaThread "C2 CompilerThread0" daemon [_thread_blocked, id=10755, stack(0x00007f5095a7e000,0x00007f5095b7f000)]
  0x00007f509c086800 JavaThread "Signal Dispatcher" daemon [_thread_blocked, id=10754, stack(0x00007f5095b7f000,0x00007f5095c80000)]
  0x00007f509c06f800 JavaThread "Finalizer" daemon [_thread_blocked, id=10753, stack(0x00007f5096362000,0x00007f5096463000)]
  0x00007f509c06b800 JavaThread "Reference Handler" daemon [_thread_blocked, id=10752, stack(0x00007f5096463000,0x00007f5096564000)]
  0x00007f509c009800 JavaThread "main" [_thread_blocked, id=10746, stack(0x00007f50a2578000,0x00007f50a2679000)]

Other Threads:
=>0x00007f509c069000 VMThread [stack: 0x00007f5096564000,0x00007f5096665000] [id=10751]
  0x00007f509c0a1000 WatcherThread [stack: 0x00007f509577b000,0x00007f509587c000] [id=10758]

VM state:at safepoint (normal execution)

VM Mutex/Monitor currently owned by a thread:  ([mutex/lock_event])
[0x00007f509c005ff0] Threads_lock - owner thread: 0x00007f509c069000
[0x00007f509c0064f0] Heap_lock - owner thread: 0x00007f509c009800

Heap
 PSYoungGen      total 285696K, used 21483K [0x00000007d5500000, 0x00000007e8100000, 0x0000000800000000)
  eden space 264192K, 0% used [0x00000007d5500000,0x00000007d5500000,0x00000007e5700000)
  from space 21504K, 99% used [0x00000007e5700000,0x00000007e6bfad30,0x00000007e6c00000)
  to   space 21504K, 0% used [0x00000007e6c00000,0x00000007e6c00000,0x00000007e8100000)
 ParOldGen       total 349696K, used 144832K [0x0000000780000000, 0x0000000795580000, 0x00000007d5500000)
  object space 349696K, 41% used [0x0000000780000000,0x0000000788d70000,0x0000000795580000)
 PSPermGen       total 21504K, used 2962K [0x000000077ae00000, 0x000000077c300000, 0x0000000780000000)
  object space 21504K, 13% used [0x000000077ae00000,0x000000077b0e4b10,0x000000077c300000)

Card table byte_map: [0x00007f5098388000,0x00007f50987b2000] byte_map_base: 0x00007f50947b1000

Polling page: 0x00007f50a2694000

Code Cache  [0x00007f50987b2000, 0x00007f5098a22000, 0x00007f509b7b2000)
 total_blobs=258 nmethods=57 adapters=156 free_code_cache=48641Kb largest_free_block=49772672

Compilation events (10 events):
Event: 9.871 Thread 0x00007f509c091000 nmethod 53 0x00007f5098827190 code [0x00007f5098827300, 0x00007f5098827c68]
Event: 9.871 Thread 0x00007f509c091000   54             sun.nio.cs.StreamDecoder::ensureOpen (18 bytes)
Event: 9.872 Thread 0x00007f509c091000 nmethod 54 0x00007f509882dc90 code [0x00007f509882ddc0, 0x00007f509882de38]
Event: 9.872 Thread 0x00007f509c091000   55             java.nio.HeapByteBuffer::compact (52 bytes)
Event: 9.875 Thread 0x00007f509c091000 nmethod 55 0x00007f509882f1d0 code [0x00007f509882f320, 0x00007f509882f4b8]
Event: 9.875 Thread 0x00007f509c091000   56             java.nio.Buffer::capacity (5 bytes)
Event: 9.875 Thread 0x00007f509c091000 nmethod 56 0x00007f509881dc10 code [0x00007f509881dd40, 0x00007f509881dd98]
Event: 9.875 Thread 0x00007f509c091000   57             java.nio.Buffer::discardMark (6 bytes)
Event: 9.876 Thread 0x00007f509c091000 nmethod 57 0x00007f509882efd0 code [0x00007f509882f100, 0x00007f509882f158]
Event: 9.893 Thread 0x00007f509c094000 nmethod 51 0x00007f50988383d0 code [0x00007f50988385c0, 0x00007f5098839d30]

GC Heap History (9 events):
Event: 1.681 GC heap before
{Heap before GC invocations=1 (full 0):
 PSYoungGen      total 153600K, used 132096K [0x00000007d5500000, 0x00000007e0000000, 0x0000000800000000)
  eden space 132096K, 100% used [0x00000007d5500000,0x00000007dd600000,0x00000007dd600000)
  from space 21504K, 0% used [0x00000007deb00000,0x00000007deb00000,0x00000007e0000000)
  to   space 21504K, 0% used [0x00000007dd600000,0x00000007dd600000,0x00000007deb00000)
 ParOldGen       total 349696K, used 0K [0x0000000780000000, 0x0000000795580000, 0x00000007d5500000)
  object space 349696K, 0% used [0x0000000780000000,0x0000000780000000,0x0000000795580000)
 PSPermGen       total 21504K, used 2955K [0x000000077ae00000, 0x000000077c300000, 0x0000000780000000)
  object space 21504K, 13% used [0x000000077ae00000,0x000000077b0e2fb8,0x000000077c300000)
Event: 1.683 GC heap after
Heap after GC invocations=1 (full 0):
 PSYoungGen      total 153600K, used 384K [0x00000007d5500000, 0x00000007e0000000, 0x0000000800000000)
  eden space 132096K, 0% used [0x00000007d5500000,0x00000007d5500000,0x00000007dd600000)
  from space 21504K, 1% used [0x00000007dd600000,0x00000007dd660020,0x00000007deb00000)
  to   space 21504K, 0% used [0x00000007deb00000,0x00000007deb00000,0x00000007e0000000)
 ParOldGen       total 349696K, used 8K [0x0000000780000000, 0x0000000795580000, 0x00000007d5500000)
  object space 349696K, 0% used [0x0000000780000000,0x0000000780002000,0x0000000795580000)
 PSPermGen       total 21504K, used 2955K [0x000000077ae00000, 0x000000077c300000, 0x0000000780000000)
  object space 21504K, 13% used [0x000000077ae00000,0x000000077b0e2fb8,0x000000077c300000)
}
Event: 3.917 GC heap before
{Heap before GC invocations=2 (full 0):
 PSYoungGen      total 153600K, used 132480K [0x00000007d5500000, 0x00000007e0000000, 0x0000000800000000)
  eden space 132096K, 100% used [0x00000007d5500000,0x00000007dd600000,0x00000007dd600000)
  from space 21504K, 1% used [0x00000007dd600000,0x00000007dd660020,0x00000007deb00000)
  to   space 21504K, 0% used [0x00000007deb00000,0x00000007deb00000,0x00000007e0000000)
 ParOldGen       total 349696K, used 8K [0x0000000780000000, 0x0000000795580000, 0x00000007d5500000)
  object space 349696K, 0% used [0x0000000780000000,0x0000000780002000,0x0000000795580000)
 PSPermGen       total 21504K, used 2962K [0x000000077ae00000, 0x000000077c300000, 0x0000000780000000)
  object space 21504K, 13% used [0x000000077ae00000,0x000000077b0e4ad0,0x000000077c300000)
Event: 3.920 GC heap after
Heap after GC invocations=2 (full 0):
 PSYoungGen      total 153600K, used 352K [0x00000007d5500000, 0x00000007e0000000, 0x0000000800000000)
  eden space 132096K, 0% used [0x00000007d5500000,0x00000007d5500000,0x00000007dd600000)
  from space 21504K, 1% used [0x00000007deb00000,0x00000007deb58000,0x00000007e0000000)
  to   space 21504K, 0% used [0x00000007dd600000,0x00000007dd600000,0x00000007deb00000)
 ParOldGen       total 349696K, used 8K [0x0000000780000000, 0x0000000795580000, 0x00000007d5500000)
  object space 349696K, 0% used [0x0000000780000000,0x0000000780002000,0x0000000795580000)
 PSPermGen       total 21504K, used 2962K [0x000000077ae00000, 0x000000077c300000, 0x0000000780000000)
  object space 21504K, 13% used [0x000000077ae00000,0x000000077b0e4ad0,0x000000077c300000)
}
Event: 4.082 GC heap before
{Heap before GC invocations=3 (full 0):
 PSYoungGen      total 153600K, used 132448K [0x00000007d5500000, 0x00000007e0000000, 0x0000000800000000)
  eden space 132096K, 100% used [0x00000007d5500000,0x00000007dd600000,0x00000007dd600000)
  from space 21504K, 1% used [0x00000007deb00000,0x00000007deb58000,0x00000007e0000000)
  to   space 21504K, 0% used [0x00000007dd600000,0x00000007dd600000,0x00000007deb00000)
 ParOldGen       total 349696K, used 8K [0x0000000780000000, 0x0000000795580000, 0x00000007d5500000)
  object space 349696K, 0% used [0x0000000780000000,0x0000000780002000,0x0000000795580000)
 PSPermGen       total 21504K, used 2962K [0x000000077ae00000, 0x000000077c300000, 0x0000000780000000)
  object space 21504K, 13% used [0x000000077ae00000,0x000000077b0e4b10,0x000000077c300000)
Event: 4.230 GC heap after
Heap after GC invocations=3 (full 0):
 PSYoungGen      total 153600K, used 21492K [0x00000007d5500000, 0x00000007e8100000, 0x0000000800000000)
  eden space 132096K, 0% used [0x00000007d5500000,0x00000007d5500000,0x00000007dd600000)
  from space 21504K, 99% used [0x00000007dd600000,0x00000007deafd220,0x00000007deb00000)
  to   space 21504K, 0% used [0x00000007e6c00000,0x00000007e6c00000,0x00000007e8100000)
 ParOldGen       total 349696K, used 69776K [0x0000000780000000, 0x0000000795580000, 0x00000007d5500000)
  object space 349696K, 19% used [0x0000000780000000,0x0000000784424000,0x0000000795580000)
 PSPermGen       total 21504K, used 2962K [0x000000077ae00000, 0x000000077c300000, 0x0000000780000000)
  object space 21504K, 13% used [0x000000077ae00000,0x000000077b0e4b10,0x000000077c300000)
}
Event: 9.796 GC heap before
{Heap before GC invocations=4 (full 0):
 PSYoungGen      total 153600K, used 153588K [0x00000007d5500000, 0x00000007e8100000, 0x0000000800000000)
  eden space 132096K, 100% used [0x00000007d5500000,0x00000007dd600000,0x00000007dd600000)
  from space 21504K, 99% used [0x00000007dd600000,0x00000007deafd220,0x00000007deb00000)
  to   space 21504K, 0% used [0x00000007e6c00000,0x00000007e6c00000,0x00000007e8100000)
 ParOldGen       total 349696K, used 69776K [0x0000000780000000, 0x0000000795580000, 0x00000007d5500000)
  object space 349696K, 19% used [0x0000000780000000,0x0000000784424000,0x0000000795580000)
 PSPermGen       total 21504K, used 2962K [0x000000077ae00000, 0x000000077c300000, 0x0000000780000000)
  object space 21504K, 13% used [0x000000077ae00000,0x000000077b0e4b10,0x000000077c300000)
Event: 9.799 GC heap after
Heap after GC invocations=4 (full 0):
 PSYoungGen      total 285696K, used 352K [0x00000007d5500000, 0x00000007e8100000, 0x0000000800000000)
  eden space 264192K, 0% used [0x00000007d5500000,0x00000007d5500000,0x00000007e5700000)
  from space 21504K, 1% used [0x00000007e6c00000,0x00000007e6c58020,0x00000007e8100000)
  to   space 21504K, 0% used [0x00000007e5700000,0x00000007e5700000,0x00000007e6c00000)
 ParOldGen       total 349696K, used 69776K [0x0000000780000000, 0x0000000795580000, 0x00000007d5500000)
  object space 349696K, 19% used [0x0000000780000000,0x0000000784424000,0x0000000795580000)
 PSPermGen       total 21504K, used 2962K [0x000000077ae00000, 0x000000077c300000, 0x0000000780000000)
  object space 21504K, 13% used [0x000000077ae00000,0x000000077b0e4b10,0x000000077c300000)
}
Event: 10.189 GC heap before
{Heap before GC invocations=5 (full 0):
 PSYoungGen      total 285696K, used 264544K [0x00000007d5500000, 0x00000007e8100000, 0x0000000800000000)
  eden space 264192K, 100% used [0x00000007d5500000,0x00000007e5700000,0x00000007e5700000)
  from space 21504K, 1% used [0x00000007e6c00000,0x00000007e6c58020,0x00000007e8100000)
  to   space 21504K, 0% used [0x00000007e5700000,0x00000007e5700000,0x00000007e6c00000)
 ParOldGen       total 349696K, used 69776K [0x0000000780000000, 0x0000000795580000, 0x00000007d5500000)
  object space 349696K, 19% used [0x0000000780000000,0x0000000784424000,0x0000000795580000)
 PSPermGen       total 21504K, used 2962K [0x000000077ae00000, 0x000000077c300000, 0x0000000780000000)
  object space 21504K, 13% used [0x000000077ae00000,0x000000077b0e4b10,0x000000077c300000)

Deoptimization events (2 events):
Event: 0.203 Thread 0x00007f509c009800 Uncommon trap: reason=unreached action=reinterpret pc=0x00007f5098816f90 method=sorting2014.SortDemo.readData(Ljava/lang/String;)[Ljava/lang/Comparable; @ 81
Event: 0.243 Thread 0x00007f509c009800 Uncommon trap: reason=unreached action=reinterpret pc=0x00007f5098816964 method=sorting2014.SortDemo.readData(Ljava/lang/String;)[Ljava/lang/Comparable; @ 188

Internal exceptions (5 events):
Event: 0.085 Thread 0x00007f509c009800 Threw 0x00000007d55102e0 at /HUDSON/workspace/7u-2-build-linux-amd64@2/jdk7u51/527/hotspot/src/share/vm/prims/jni.cpp:3991
Event: 0.126 Thread 0x00007f509c009800 Threw 0x00000007d5546530 at /HUDSON/workspace/7u-2-build-linux-amd64@2/jdk7u51/527/hotspot/src/share/vm/prims/jvm.cpp:1244
Event: 0.243 Thread 0x00007f509c009800 Threw 0x00000007d6b81110 at /HUDSON/workspace/7u-2-build-linux-amd64@2/jdk7u51/527/hotspot/src/share/vm/prims/jvm.cpp:1244
Event: 0.244 Thread 0x00007f509c009800 Threw 0x00000007d6b82e08 at /HUDSON/workspace/7u-2-build-linux-amd64@2/jdk7u51/527/hotspot/src/share/vm/prims/jvm.cpp:1244
Event: 0.245 Thread 0x00007f509c009800 Threw 0x00000007d6b84478 at /HUDSON/workspace/7u-2-build-linux-amd64@2/jdk7u51/527/hotspot/src/share/vm/prims/jvm.cpp:1244

Events (10 events):
Event: 0.260 loading class 0x00007f5060023730 done
Event: 1.681 Executing VM operation: ParallelGCFailedAllocation
Event: 1.683 Executing VM operation: ParallelGCFailedAllocation done
Event: 3.917 Executing VM operation: ParallelGCFailedAllocation
Event: 3.920 Executing VM operation: ParallelGCFailedAllocation done
Event: 4.082 Executing VM operation: ParallelGCFailedAllocation
Event: 4.230 Executing VM operation: ParallelGCFailedAllocation done
Event: 9.796 Executing VM operation: ParallelGCFailedAllocation
Event: 9.799 Executing VM operation: ParallelGCFailedAllocation done
Event: 10.189 Executing VM operation: ParallelGCFailedAllocation


Dynamic libraries:
00400000-00401000 r-xp 00000000 08:11 9963148                            /usr/lib/jvm/java-7-oracle/bin/java
00600000-00601000 rw-p 00000000 08:11 9963148                            /usr/lib/jvm/java-7-oracle/bin/java
01534000-01555000 rw-p 00000000 00:00 0                                  [heap]
77ae00000-77c300000 rw-p 00000000 00:00 0 
77c300000-780000000 rw-p 00000000 00:00 0 
780000000-795580000 rw-p 00000000 00:00 0 
795580000-7d5500000 rw-p 00000000 00:00 0 
7d5500000-7e8100000 rw-p 00000000 00:00 0 
7f5054000000-7f5054021000 rw-p 00000000 00:00 0 
7f5054021000-7f5058000000 ---p 00000000 00:00 0 
7f5058000000-7f5058021000 rw-p 00000000 00:00 0 
7f5058021000-7f505c000000 ---p 00000000 00:00 0 
7f505c000000-7f505c242000 rw-p 00000000 00:00 0 
7f505c242000-7f5060000000 ---p 00000000 00:00 0 
7f5060000000-7f5060243000 rw-p 00000000 00:00 0 
7f5060243000-7f5064000000 ---p 00000000 00:00 0 
7f5064000000-7f5064021000 rw-p 00000000 00:00 0 
7f5064021000-7f5068000000 ---p 00000000 00:00 0 
7f5068000000-7f5068021000 rw-p 00000000 00:00 0 
7f5068021000-7f506c000000 ---p 00000000 00:00 0 
7f506c000000-7f506c021000 rw-p 00000000 00:00 0 
7f506c021000-7f5070000000 ---p 00000000 00:00 0 
7f5073d70000-7f5078000000 rw-p 00000000 00:00 0 
7f5078000000-7f5078021000 rw-p 00000000 00:00 0 
7f5078021000-7f507c000000 ---p 00000000 00:00 0 
7f507c000000-7f507c021000 rw-p 00000000 00:00 0 
7f507c021000-7f5080000000 ---p 00000000 00:00 0 
7f5080000000-7f5080021000 rw-p 00000000 00:00 0 
7f5080021000-7f5084000000 ---p 00000000 00:00 0 
7f5088000000-7f5088021000 rw-p 00000000 00:00 0 
7f5088021000-7f508c000000 ---p 00000000 00:00 0 
7f5090000000-7f5090021000 rw-p 00000000 00:00 0 
7f5090021000-7f5094000000 ---p 00000000 00:00 0 
7f50950dd000-7f5095353000 rw-p 00000000 00:00 0 
7f5095353000-7f5095369000 r-xp 00000000 08:11 9962512                    /usr/lib/jvm/java-7-oracle/jre/lib/amd64/libnet.so
7f5095369000-7f5095569000 ---p 00016000 08:11 9962512                    /usr/lib/jvm/java-7-oracle/jre/lib/amd64/libnet.so
7f5095569000-7f509556a000 rw-p 00016000 08:11 9962512                    /usr/lib/jvm/java-7-oracle/jre/lib/amd64/libnet.so
7f509556a000-7f509557a000 r-xp 00000000 08:11 9962499                    /usr/lib/jvm/java-7-oracle/jre/lib/amd64/libnio.so
7f509557a000-7f509577a000 ---p 00010000 08:11 9962499                    /usr/lib/jvm/java-7-oracle/jre/lib/amd64/libnio.so
7f509577a000-7f509577b000 rw-p 00010000 08:11 9962499                    /usr/lib/jvm/java-7-oracle/jre/lib/amd64/libnio.so
7f509577b000-7f509577c000 ---p 00000000 00:00 0 
7f509577c000-7f509587c000 rw-p 00000000 00:00 0                          [stack:10758]
7f509587c000-7f509587f000 ---p 00000000 00:00 0 
7f509587f000-7f509597d000 rw-p 00000000 00:00 0                          [stack:10757]
7f509597d000-7f5095980000 ---p 00000000 00:00 0 
7f5095980000-7f5095a7e000 rw-p 00000000 00:00 0                          [stack:10756]
7f5095a7e000-7f5095a81000 ---p 00000000 00:00 0 
7f5095a81000-7f5095b7f000 rw-p 00000000 00:00 0                          [stack:10755]
7f5095b7f000-7f5095b82000 ---p 00000000 00:00 0 
7f5095b82000-7f5095c80000 rw-p 00000000 00:00 0                          [stack:10754]
7f5095c80000-7f5096362000 r--p 00000000 08:11 137854                     /usr/lib/locale/locale-archive
7f5096362000-7f5096365000 ---p 00000000 00:00 0 
7f5096365000-7f5096463000 rw-p 00000000 00:00 0                          [stack:10753]
7f5096463000-7f5096466000 ---p 00000000 00:00 0 
7f5096466000-7f5096564000 rw-p 00000000 00:00 0                          [stack:10752]
7f5096564000-7f5096565000 ---p 00000000 00:00 0 
7f5096565000-7f5097622000 rw-p 00000000 00:00 0                          [stack:10751]
7f5097622000-7f50977df000 r--s 039bf000 08:11 9705507                    /usr/lib/jvm/java-7-oracle/jre/lib/rt.jar
7f50977df000-7f5097cd9000 rw-p 00000000 00:00 0 
7f5097cd9000-7f5097cda000 ---p 00000000 00:00 0 
7f5097cda000-7f5097dda000 rw-p 00000000 00:00 0                          [stack:10750]
7f5097dda000-7f5097ddb000 ---p 00000000 00:00 0 
7f5097ddb000-7f5097edb000 rw-p 00000000 00:00 0                          [stack:10749]
7f5097edb000-7f5097edc000 ---p 00000000 00:00 0 
7f5097edc000-7f5097fdc000 rw-p 00000000 00:00 0                          [stack:10748]
7f5097fdc000-7f5097fdd000 ---p 00000000 00:00 0 
7f5097fdd000-7f5098188000 rw-p 00000000 00:00 0                          [stack:10747]
7f5098188000-7f5098388000 rw-p 00000000 00:00 0 
7f5098388000-7f5098393000 rw-p 00000000 00:00 0 
7f5098393000-7f50983b1000 rw-p 00000000 00:00 0 
7f50983b1000-7f509845c000 rw-p 00000000 00:00 0 
7f509845c000-7f509865b000 rw-p 00000000 00:00 0 
7f509865b000-7f50986f2000 rw-p 00000000 00:00 0 
7f50986f2000-7f50987b1000 rw-p 00000000 00:00 0 
7f50987b1000-7f50987b2000 rw-p 00000000 00:00 0 
7f50987b2000-7f5098a22000 rwxp 00000000 00:00 0 
7f5098a22000-7f509b7b2000 rw-p 00000000 00:00 0 
7f509b7b2000-7f509b7cc000 r-xp 00000000 08:11 9962501                    /usr/lib/jvm/java-7-oracle/jre/lib/amd64/libzip.so
7f509b7cc000-7f509b9cc000 ---p 0001a000 08:11 9962501                    /usr/lib/jvm/java-7-oracle/jre/lib/amd64/libzip.so
7f509b9cc000-7f509b9cd000 rw-p 0001a000 08:11 9962501                    /usr/lib/jvm/java-7-oracle/jre/lib/amd64/libzip.so
7f509b9cd000-7f509b9d9000 r-xp 00000000 08:11 14946164                   /lib/x86_64-linux-gnu/libnss_files-2.17.so
7f509b9d9000-7f509bbd8000 ---p 0000c000 08:11 14946164                   /lib/x86_64-linux-gnu/libnss_files-2.17.so
7f509bbd8000-7f509bbd9000 r--p 0000b000 08:11 14946164                   /lib/x86_64-linux-gnu/libnss_files-2.17.so
7f509bbd9000-7f509bbda000 rw-p 0000c000 08:11 14946164                   /lib/x86_64-linux-gnu/libnss_files-2.17.so
7f509bbda000-7f509bbe5000 r-xp 00000000 08:11 14946168                   /lib/x86_64-linux-gnu/libnss_nis-2.17.so
7f509bbe5000-7f509bde4000 ---p 0000b000 08:11 14946168                   /lib/x86_64-linux-gnu/libnss_nis-2.17.so
7f509bde4000-7f509bde5000 r--p 0000a000 08:11 14946168                   /lib/x86_64-linux-gnu/libnss_nis-2.17.so
7f509bde5000-7f509bde6000 rw-p 0000b000 08:11 14946168                   /lib/x86_64-linux-gnu/libnss_nis-2.17.so
7f509bde6000-7f509bdfd000 r-xp 00000000 08:11 14946158                   /lib/x86_64-linux-gnu/libnsl-2.17.so
7f509bdfd000-7f509bffc000 ---p 00017000 08:11 14946158                   /lib/x86_64-linux-gnu/libnsl-2.17.so
7f509bffc000-7f509bffd000 r--p 00016000 08:11 14946158                   /lib/x86_64-linux-gnu/libnsl-2.17.so
7f509bffd000-7f509bffe000 rw-p 00017000 08:11 14946158                   /lib/x86_64-linux-gnu/libnsl-2.17.so
7f509bffe000-7f509c000000 rw-p 00000000 00:00 0 
7f509c000000-7f509c0bd000 rw-p 00000000 00:00 0 
7f509c0bd000-7f50a0000000 ---p 00000000 00:00 0 
7f50a0004000-7f50a00a3000 rw-p 00000000 00:00 0 
7f50a00a3000-7f50a00c1000 rw-p 00000000 00:00 0 
7f50a00c1000-7f50a00c9000 r-xp 00000000 08:11 14946160                   /lib/x86_64-linux-gnu/libnss_compat-2.17.so
7f50a00c9000-7f50a02c8000 ---p 00008000 08:11 14946160                   /lib/x86_64-linux-gnu/libnss_compat-2.17.so
7f50a02c8000-7f50a02c9000 r--p 00007000 08:11 14946160                   /lib/x86_64-linux-gnu/libnss_compat-2.17.so
7f50a02c9000-7f50a02ca000 rw-p 00008000 08:11 14946160                   /lib/x86_64-linux-gnu/libnss_compat-2.17.so
7f50a02ca000-7f50a02f3000 r-xp 00000000 08:11 9962514                    /usr/lib/jvm/java-7-oracle/jre/lib/amd64/libjava.so
7f50a02f3000-7f50a04f3000 ---p 00029000 08:11 9962514                    /usr/lib/jvm/java-7-oracle/jre/lib/amd64/libjava.so
7f50a04f3000-7f50a04f5000 rw-p 00029000 08:11 9962514                    /usr/lib/jvm/java-7-oracle/jre/lib/amd64/libjava.so
7f50a04f5000-7f50a0502000 r-xp 00000000 08:11 9962505                    /usr/lib/jvm/java-7-oracle/jre/lib/amd64/libverify.so
7f50a0502000-7f50a0701000 ---p 0000d000 08:11 9962505                    /usr/lib/jvm/java-7-oracle/jre/lib/amd64/libverify.so
7f50a0701000-7f50a0703000 rw-p 0000c000 08:11 9962505                    /usr/lib/jvm/java-7-oracle/jre/lib/amd64/libverify.so
7f50a0703000-7f50a070a000 r-xp 00000000 08:11 14946211                   /lib/x86_64-linux-gnu/librt-2.17.so
7f50a070a000-7f50a0909000 ---p 00007000 08:11 14946211                   /lib/x86_64-linux-gnu/librt-2.17.so
7f50a0909000-7f50a090a000 r--p 00006000 08:11 14946211                   /lib/x86_64-linux-gnu/librt-2.17.so
7f50a090a000-7f50a090b000 rw-p 00007000 08:11 14946211                   /lib/x86_64-linux-gnu/librt-2.17.so
7f50a090b000-7f50a0a0e000 r-xp 00000000 08:11 14946139                   /lib/x86_64-linux-gnu/libm-2.17.so
7f50a0a0e000-7f50a0c0d000 ---p 00103000 08:11 14946139                   /lib/x86_64-linux-gnu/libm-2.17.so
7f50a0c0d000-7f50a0c0e000 r--p 00102000 08:11 14946139                   /lib/x86_64-linux-gnu/libm-2.17.so
7f50a0c0e000-7f50a0c0f000 rw-p 00103000 08:11 14946139                   /lib/x86_64-linux-gnu/libm-2.17.so
7f50a0c0f000-7f50a1771000 r-xp 00000000 08:11 9962538                    /usr/lib/jvm/java-7-oracle/jre/lib/amd64/server/libjvm.so
7f50a1771000-7f50a1971000 ---p 00b62000 08:11 9962538                    /usr/lib/jvm/java-7-oracle/jre/lib/amd64/server/libjvm.so
7f50a1971000-7f50a1a34000 rw-p 00b62000 08:11 9962538                    /usr/lib/jvm/java-7-oracle/jre/lib/amd64/server/libjvm.so
7f50a1a34000-7f50a1a75000 rw-p 00000000 00:00 0 
7f50a1a75000-7f50a1c32000 r-xp 00000000 08:11 14946088                   /lib/x86_64-linux-gnu/libc-2.17.so
7f50a1c32000-7f50a1e32000 ---p 001bd000 08:11 14946088                   /lib/x86_64-linux-gnu/libc-2.17.so
7f50a1e32000-7f50a1e36000 r--p 001bd000 08:11 14946088                   /lib/x86_64-linux-gnu/libc-2.17.so
7f50a1e36000-7f50a1e38000 rw-p 001c1000 08:11 14946088                   /lib/x86_64-linux-gnu/libc-2.17.so
7f50a1e38000-7f50a1e3d000 rw-p 00000000 00:00 0 
7f50a1e3d000-7f50a1e40000 r-xp 00000000 08:11 14946103                   /lib/x86_64-linux-gnu/libdl-2.17.so
7f50a1e40000-7f50a203f000 ---p 00003000 08:11 14946103                   /lib/x86_64-linux-gnu/libdl-2.17.so
7f50a203f000-7f50a2040000 r--p 00002000 08:11 14946103                   /lib/x86_64-linux-gnu/libdl-2.17.so
7f50a2040000-7f50a2041000 rw-p 00003000 08:11 14946103                   /lib/x86_64-linux-gnu/libdl-2.17.so
7f50a2041000-7f50a2057000 r-xp 00000000 08:11 9579560                    /usr/lib/jvm/java-7-oracle/lib/amd64/jli/libjli.so
7f50a2057000-7f50a2257000 ---p 00016000 08:11 9579560                    /usr/lib/jvm/java-7-oracle/lib/amd64/jli/libjli.so
7f50a2257000-7f50a2258000 rw-p 00016000 08:11 9579560                    /usr/lib/jvm/java-7-oracle/lib/amd64/jli/libjli.so
7f50a2258000-7f50a226f000 r-xp 00000000 08:11 14946203                   /lib/x86_64-linux-gnu/libpthread-2.17.so
7f50a226f000-7f50a246f000 ---p 00017000 08:11 14946203                   /lib/x86_64-linux-gnu/libpthread-2.17.so
7f50a246f000-7f50a2470000 r--p 00017000 08:11 14946203                   /lib/x86_64-linux-gnu/libpthread-2.17.so
7f50a2470000-7f50a2471000 rw-p 00018000 08:11 14946203                   /lib/x86_64-linux-gnu/libpthread-2.17.so
7f50a2471000-7f50a2475000 rw-p 00000000 00:00 0 
7f50a2475000-7f50a2498000 r-xp 00000000 08:11 14946064                   /lib/x86_64-linux-gnu/ld-2.17.so
7f50a24b8000-7f50a24c2000 rw-p 00000000 00:00 0 
7f50a24c2000-7f50a2578000 rw-p 00000000 00:00 0 
7f50a2578000-7f50a257b000 ---p 00000000 00:00 0 
7f50a257b000-7f50a267d000 rw-p 00000000 00:00 0                          [stack:10746]
7f50a2689000-7f50a268a000 rw-p 00000000 00:00 0 
7f50a268a000-7f50a268b000 r--p 00000000 08:11 789636                     /usr/share/locale-langpack/en_GB/LC_MESSAGES/libc.mo
7f50a268b000-7f50a2693000 rw-s 00000000 08:11 13240100                   /tmp/hsperfdata_mike/10740
7f50a2693000-7f50a2694000 rw-p 00000000 00:00 0 
7f50a2694000-7f50a2695000 ---p 00000000 00:00 0 
7f50a2695000-7f50a2697000 rw-p 00000000 00:00 0 
7f50a2697000-7f50a2698000 r--p 00022000 08:11 14946064                   /lib/x86_64-linux-gnu/ld-2.17.so
7f50a2698000-7f50a269a000 rw-p 00023000 08:11 14946064                   /lib/x86_64-linux-gnu/ld-2.17.so
7fffce98c000-7fffce9ad000 rw-p 00000000 00:00 0                          [stack]
7fffce9fe000-7fffcea00000 r-xp 00000000 00:00 0                          [vdso]
ffffffffff600000-ffffffffff601000 r-xp 00000000 00:00 0                  [vsyscall]

VM Arguments:
jvm_args: -Xms512M -Xmx2048M -Dfile.encoding=UTF-8 
java_command: sorting2014.SortDemo
Launcher Type: SUN_STANDARD

Environment Variables:
PATH=/usr/lib/lightdm/lightdm:/usr/local/sbin:/usr/local/bin:/usr/sbin:/usr/bin:/sbin:/bin:/usr/games:/usr/local/games
SHELL=/bin/bash
DISPLAY=:0

Signal Handlers:
SIGSEGV: [libjvm.so+0x993870], sa_mask[0]=0x7ffbfeff, sa_flags=0x10000004
SIGBUS: [libjvm.so+0x993870], sa_mask[0]=0x7ffbfeff, sa_flags=0x10000004
SIGFPE: [libjvm.so+0x8105b0], sa_mask[0]=0x7ffbfeff, sa_flags=0x10000004
SIGPIPE: [libjvm.so+0x8105b0], sa_mask[0]=0x7ffbfeff, sa_flags=0x10000004
SIGXFSZ: [libjvm.so+0x8105b0], sa_mask[0]=0x7ffbfeff, sa_flags=0x10000004
SIGILL: [libjvm.so+0x8105b0], sa_mask[0]=0x7ffbfeff, sa_flags=0x10000004
SIGUSR1: SIG_DFL, sa_mask[0]=0x00000000, sa_flags=0x00000000
SIGUSR2: [libjvm.so+0x811aa0], sa_mask[0]=0x00000004, sa_flags=0x10000004
SIGHUP: [libjvm.so+0x812a10], sa_mask[0]=0x7ffbfeff, sa_flags=0x10000004
SIGINT: [libjvm.so+0x812a10], sa_mask[0]=0x7ffbfeff, sa_flags=0x10000004
SIGTERM: [libjvm.so+0x812a10], sa_mask[0]=0x7ffbfeff, sa_flags=0x10000004
SIGQUIT: [libjvm.so+0x812a10], sa_mask[0]=0x7ffbfeff, sa_flags=0x10000004


---------------  S Y S T E M  ---------------

OS:wheezy/sid

uname:Linux 3.11.0-18-generic #32-Ubuntu SMP Tue Feb 18 21:11:14 UTC 2014 x86_64
libc:glibc 2.17 NPTL 2.17 
rlimit: STACK 8192k, CORE 0k, NPROC 29298, NOFILE 4096, AS infinity
load average:1.10 1.18 1.29

/proc/meminfo:
MemTotal:        3778832 kB
MemFree:          145820 kB
Buffers:            2044 kB
Cached:           460640 kB
SwapCached:            0 kB
Active:          3093880 kB
Inactive:         346564 kB
Active(anon):    2982520 kB
Inactive(anon):   232456 kB
Active(file):     111360 kB
Inactive(file):   114108 kB
Unevictable:        3780 kB
Mlocked:            3780 kB
SwapTotal:             0 kB
SwapFree:              0 kB
Dirty:              1184 kB
Writeback:             0 kB
AnonPages:       2981416 kB
Mapped:           222020 kB
Shmem:            234744 kB
Slab:              76528 kB
SReclaimable:      38852 kB
SUnreclaim:        37676 kB
KernelStack:        7208 kB
PageTables:        49680 kB
NFS_Unstable:          0 kB
Bounce:                0 kB
WritebackTmp:          0 kB
CommitLimit:     1889416 kB
Committed_AS:    8437628 kB
VmallocTotal:   34359738367 kB
VmallocUsed:      544184 kB
VmallocChunk:   34359191004 kB
HardwareCorrupted:     0 kB
AnonHugePages:         0 kB
HugePages_Total:       0
HugePages_Free:        0
HugePages_Rsvd:        0
HugePages_Surp:        0
Hugepagesize:       2048 kB
DirectMap4k:      105156 kB
DirectMap2M:     3815424 kB


CPU:total 4 (2 cores per cpu, 2 threads per core) family 6 model 37 stepping 5, cmov, cx8, fxsr, mmx, sse, sse2, sse3, ssse3, sse4.1, sse4.2, popcnt, ht, tsc, tscinvbit

/proc/cpuinfo:
processor	: 0
vendor_id	: GenuineIntel
cpu family	: 6
model		: 37
model name	: Intel(R) Core(TM) i5 CPU       M 460  @ 2.53GHz
stepping	: 5
microcode	: 0x2
cpu MHz		: 1199.000
cache size	: 3072 KB
physical id	: 0
siblings	: 4
core id		: 0
cpu cores	: 2
apicid		: 0
initial apicid	: 0
fpu		: yes
fpu_exception	: yes
cpuid level	: 11
wp		: yes
flags		: fpu vme de pse tsc msr pae mce cx8 apic sep mtrr pge mca cmov pat pse36 clflush dts acpi mmx fxsr sse sse2 ss ht tm pbe syscall nx rdtscp lm constant_tsc arch_perfmon pebs bts rep_good nopl xtopology nonstop_tsc aperfmperf pni dtes64 monitor ds_cpl vmx est tm2 ssse3 cx16 xtpr pdcm pcid sse4_1 sse4_2 popcnt lahf_lm ida arat dtherm tpr_shadow vnmi flexpriority ept vpid
bogomips	: 5054.35
clflush size	: 64
cache_alignment	: 64
address sizes	: 36 bits physical, 48 bits virtual
power management:

processor	: 1
vendor_id	: GenuineIntel
cpu family	: 6
model		: 37
model name	: Intel(R) Core(TM) i5 CPU       M 460  @ 2.53GHz
stepping	: 5
microcode	: 0x2
cpu MHz		: 2534.000
cache size	: 3072 KB
physical id	: 0
siblings	: 4
core id		: 2
cpu cores	: 2
apicid		: 4
initial apicid	: 4
fpu		: yes
fpu_exception	: yes
cpuid level	: 11
wp		: yes
flags		: fpu vme de pse tsc msr pae mce cx8 apic sep mtrr pge mca cmov pat pse36 clflush dts acpi mmx fxsr sse sse2 ss ht tm pbe syscall nx rdtscp lm constant_tsc arch_perfmon pebs bts rep_good nopl xtopology nonstop_tsc aperfmperf pni dtes64 monitor ds_cpl vmx est tm2 ssse3 cx16 xtpr pdcm pcid sse4_1 sse4_2 popcnt lahf_lm ida arat dtherm tpr_shadow vnmi flexpriority ept vpid
bogomips	: 5054.35
clflush size	: 64
cache_alignment	: 64
address sizes	: 36 bits physical, 48 bits virtual
power management:

processor	: 2
vendor_id	: GenuineIntel
cpu family	: 6
model		: 37
model name	: Intel(R) Core(TM) i5 CPU       M 460  @ 2.53GHz
stepping	: 5
microcode	: 0x2
cpu MHz		: 1199.000
cache size	: 3072 KB
physical id	: 0
siblings	: 4
core id		: 0
cpu cores	: 2
apicid		: 1
initial apicid	: 1
fpu		: yes
fpu_exception	: yes
cpuid level	: 11
wp		: yes
flags		: fpu vme de pse tsc msr pae mce cx8 apic sep mtrr pge mca cmov pat pse36 clflush dts acpi mmx fxsr sse sse2 ss ht tm pbe syscall nx rdtscp lm constant_tsc arch_perfmon pebs bts rep_good nopl xtopology nonstop_tsc aperfmperf pni dtes64 monitor ds_cpl vmx est tm2 ssse3 cx16 xtpr pdcm pcid sse4_1 sse4_2 popcnt lahf_lm ida arat dtherm tpr_shadow vnmi flexpriority ept vpid
bogomips	: 5054.35
clflush size	: 64
cache_alignment	: 64
address sizes	: 36 bits physical, 48 bits virtual
power management:

processor	: 3
vendor_id	: GenuineIntel
cpu family	: 6
model		: 37
model name	: Intel(R) Core(TM) i5 CPU       M 460  @ 2.53GHz
stepping	: 5
microcode	: 0x2
cpu MHz		: 2534.000
cache size	: 3072 KB
physical id	: 0
siblings	: 4
core id		: 2
cpu cores	: 2
apicid		: 5
initial apicid	: 5
fpu		: yes
fpu_exception	: yes
cpuid level	: 11
wp		: yes
flags		: fpu vme de pse tsc msr pae mce cx8 apic sep mtrr pge mca cmov pat pse36 clflush dts acpi mmx fxsr sse sse2 ss ht tm pbe syscall nx rdtscp lm constant_tsc arch_perfmon pebs bts rep_good nopl xtopology nonstop_tsc aperfmperf pni dtes64 monitor ds_cpl vmx est tm2 ssse3 cx16 xtpr pdcm pcid sse4_1 sse4_2 popcnt lahf_lm ida arat dtherm tpr_shadow vnmi flexpriority ept vpid
bogomips	: 5054.35
clflush size	: 64
cache_alignment	: 64
address sizes	: 36 bits physical, 48 bits virtual
power management:



Memory: 4k page, physical 3778832k(145820k free), swap 0k(0k free)

vm_info: Java HotSpot(TM) 64-Bit Server VM (24.51-b03) for linux-amd64 JRE (1.7.0_51-b13), built on Dec 18 2013 18:48:01 by "java_re" with gcc 4.3.0 20080428 (Red Hat 4.3.0-8)

time: Tue Mar 18 23:05:04 2014
elapsed time: 10 seconds

