#
# There is insufficient memory for the Java Runtime Environment to continue.
# Native memory allocation (malloc) failed to allocate 286785536 bytes for committing reserved memory.
# Possible reasons:
#   The system is out of physical RAM or swap space
#   In 32 bit mode, the process size limit was hit
# Possible solutions:
#   Reduce memory load on the system
#   Increase physical memory or swap space
#   Check if swap backing store is full
#   Use 64 bit Java on a 64 bit OS
#   Decrease Java heap size (-Xmx/-Xms)
#   Decrease number of Java threads
#   Decrease Java thread stack sizes (-Xss)
#   Set larger code cache with -XX:ReservedCodeCacheSize=
# This output file may be truncated or incomplete.
#
#  Out of Memory Error (os_linux.cpp:2726), pid=31117, tid=140210480338688
#
# JRE version: Java(TM) SE Runtime Environment (7.0_51-b13) (build 1.7.0_51-b13)
# Java VM: Java HotSpot(TM) 64-Bit Server VM (24.51-b03 mixed mode linux-amd64 compressed oops)
# Failed to write core dump. Core dumps have been disabled. To enable core dumping, try "ulimit -c unlimited" before starting Java again
#

---------------  T H R E A D  ---------------

Current thread (0x00007f8554069000):  VMThread [stack: 0x00007f854bcfd000,0x00007f854bdfe000] [id=31128]

Stack: [0x00007f854bcfd000,0x00007f854bdfe000],  sp=0x00007f854bdfc2f0,  free space=1020k
Native frames: (J=compiled Java code, j=interpreted, Vv=VM code, C=native code)
V  [libjvm.so+0x992f4a]  VMError::report_and_die()+0x2ea
V  [libjvm.so+0x4931ab]  report_vm_out_of_memory(char const*, int, unsigned long, char const*)+0x9b
V  [libjvm.so+0x81338e]  os::Linux::commit_memory_impl(char*, unsigned long, bool)+0xfe
V  [libjvm.so+0x81383f]  os::Linux::commit_memory_impl(char*, unsigned long, unsigned long, bool)+0x4f
V  [libjvm.so+0x813a2c]  os::pd_commit_memory(char*, unsigned long, unsigned long, bool)+0xc
V  [libjvm.so+0x80daea]  os::commit_memory(char*, unsigned long, unsigned long, bool)+0x2a
V  [libjvm.so+0x87fcd3]  PSVirtualSpace::expand_by(unsigned long)+0x53
V  [libjvm.so+0x86f2e0]  PSOldGen::expand(unsigned long)+0x170
V  [libjvm.so+0x86f4eb]  PSOldGen::resize(unsigned long)+0x1cb
V  [libjvm.so+0x8780f0]  PSParallelCompact::invoke_no_policy(bool)+0x970
V  [libjvm.so+0x87df7d]  PSScavenge::invoke()+0x1ad
V  [libjvm.so+0x834f10]  ParallelScavengeHeap::failed_mem_allocate(unsigned long)+0x70
V  [libjvm.so+0x9947e7]  VM_ParallelGCFailedAllocation::doit()+0x97
V  [libjvm.so+0x99bc15]  VM_Operation::evaluate()+0x55
V  [libjvm.so+0x99a04a]  VMThread::evaluate_operation(VM_Operation*)+0xba
V  [libjvm.so+0x99a3ce]  VMThread::loop()+0x1ce
V  [libjvm.so+0x99a840]  VMThread::run()+0x70
V  [libjvm.so+0x815538]  java_start(Thread*)+0x108

VM_Operation (0x00007f855c38a6c0): ParallelGCFailedAllocation, mode: safepoint, requested by thread 0x00007f8554009800


---------------  P R O C E S S  ---------------

Java Threads: ( => current thread )
  0x00007f8554096000 JavaThread "Service Thread" daemon [_thread_blocked, id=31134, stack(0x00007f854b015000,0x00007f854b116000)]
  0x00007f8554094000 JavaThread "C2 CompilerThread1" daemon [_thread_blocked, id=31133, stack(0x00007f854b116000,0x00007f854b217000)]
  0x00007f8554091000 JavaThread "C2 CompilerThread0" daemon [_thread_blocked, id=31132, stack(0x00007f854b217000,0x00007f854b318000)]
  0x00007f8554086800 JavaThread "Signal Dispatcher" daemon [_thread_blocked, id=31131, stack(0x00007f854b318000,0x00007f854b419000)]
  0x00007f855406f800 JavaThread "Finalizer" daemon [_thread_blocked, id=31130, stack(0x00007f854bafb000,0x00007f854bbfc000)]
  0x00007f855406b800 JavaThread "Reference Handler" daemon [_thread_blocked, id=31129, stack(0x00007f854bbfc000,0x00007f854bcfd000)]
  0x00007f8554009800 JavaThread "main" [_thread_blocked, id=31123, stack(0x00007f855c28b000,0x00007f855c38c000)]

Other Threads:
=>0x00007f8554069000 VMThread [stack: 0x00007f854bcfd000,0x00007f854bdfe000] [id=31128]
  0x00007f85540a1000 WatcherThread [stack: 0x00007f854af14000,0x00007f854b015000] [id=31135]

VM state:at safepoint (normal execution)

VM Mutex/Monitor currently owned by a thread:  ([mutex/lock_event])
[0x00007f8554005970] ExpandHeap_lock - owner thread: 0x00007f8554069000
[0x00007f8554005ff0] Threads_lock - owner thread: 0x00007f8554069000
[0x00007f85540064f0] Heap_lock - owner thread: 0x00007f8554009800

Heap
 PSYoungGen      total 285696K, used 0K [0x00000007c0000000, 0x00000007d2c00000, 0x0000000800000000)
  eden space 264192K, 0% used [0x00000007c0000000,0x00000007c0000000,0x00000007d0200000)
  from space 21504K, 0% used [0x00000007d1700000,0x00000007d1700000,0x00000007d2c00000)
  to   space 21504K, 0% used [0x00000007d0200000,0x00000007d0200000,0x00000007d1700000)
 ParOldGen       total 349696K, used 249118K [0x0000000740000000, 0x0000000755580000, 0x00000007c0000000)
  object space 349696K, 71% used [0x0000000740000000,0x000000074f347b28,0x0000000755580000)
 PSPermGen       total 21504K, used 2408K [0x000000073ae00000, 0x000000073c300000, 0x0000000740000000)
  object space 21504K, 11% used [0x000000073ae00000,0x000000073b05a380,0x000000073c300000)

Card table byte_map: [0x00007f8558f5d000,0x00007f8559587000] byte_map_base: 0x00007f8555586000

Polling page: 0x00007f855c3a8000

Code Cache  [0x00007f8551000000, 0x00007f8551270000, 0x00007f8554000000)
 total_blobs=208 nmethods=29 adapters=134 free_code_cache=48725Kb largest_free_block=49877696

Compilation events (10 events):
Event: 1.989 Thread 0x00007f8554094000 nmethod 25 0x00007f8551069710 code [0x00007f8551069860, 0x00007f85510698f8]
Event: 1.989 Thread 0x00007f8554094000   26             sun.nio.cs.UTF_8$Decoder::xflow (31 bytes)
Event: 1.992 Thread 0x00007f8554094000 nmethod 26 0x00007f8551068fd0 code [0x00007f8551069140, 0x00007f85510693b8]
Event: 1.992 Thread 0x00007f8554094000   27             sun.nio.cs.UTF_8::updatePositions (23 bytes)
Event: 1.995 Thread 0x00007f8554094000 nmethod 27 0x00007f8551068a10 code [0x00007f8551068b80, 0x00007f8551068d78]
Event: 1.995 Thread 0x00007f8554094000   28             java.nio.charset.CoderResult::isOverflow (14 bytes)
Event: 1.996 Thread 0x00007f8554094000 nmethod 28 0x00007f8551068810 code [0x00007f8551068940, 0x00007f85510689b8]
Event: 1.996 Thread 0x00007f8554094000   29             sun.nio.cs.StreamDecoder::implRead (243 bytes)
Event: 1.997 Thread 0x00007f8554091000 nmethod 21 0x00007f855106a150 code [0x00007f855106a3a0, 0x00007f855106a908]
Event: 2.007 Thread 0x00007f8554094000 nmethod 29 0x00007f855106bc10 code [0x00007f855106be20, 0x00007f855106c510]

GC Heap History (9 events):
Event: 1.725 GC heap before
{Heap before GC invocations=1 (full 0):
 PSYoungGen      total 153600K, used 132096K [0x00000007c0000000, 0x00000007cab00000, 0x0000000800000000)
  eden space 132096K, 100% used [0x00000007c0000000,0x00000007c8100000,0x00000007c8100000)
  from space 21504K, 0% used [0x00000007c9600000,0x00000007c9600000,0x00000007cab00000)
  to   space 21504K, 0% used [0x00000007c8100000,0x00000007c8100000,0x00000007c9600000)
 ParOldGen       total 349696K, used 0K [0x0000000740000000, 0x0000000755580000, 0x00000007c0000000)
  object space 349696K, 0% used [0x0000000740000000,0x0000000740000000,0x0000000755580000)
 PSPermGen       total 21504K, used 2400K [0x000000073ae00000, 0x000000073c300000, 0x0000000740000000)
  object space 21504K, 11% used [0x000000073ae00000,0x000000073b058008,0x000000073c300000)
Event: 1.727 GC heap after
Heap after GC invocations=1 (full 0):
 PSYoungGen      total 153600K, used 320K [0x00000007c0000000, 0x00000007cab00000, 0x0000000800000000)
  eden space 132096K, 0% used [0x00000007c0000000,0x00000007c0000000,0x00000007c8100000)
  from space 21504K, 1% used [0x00000007c8100000,0x00000007c8150000,0x00000007c9600000)
  to   space 21504K, 0% used [0x00000007c9600000,0x00000007c9600000,0x00000007cab00000)
 ParOldGen       total 349696K, used 8K [0x0000000740000000, 0x0000000755580000, 0x00000007c0000000)
  object space 349696K, 0% used [0x0000000740000000,0x0000000740002000,0x0000000755580000)
 PSPermGen       total 21504K, used 2400K [0x000000073ae00000, 0x000000073c300000, 0x0000000740000000)
  object space 21504K, 11% used [0x000000073ae00000,0x000000073b058008,0x000000073c300000)
}
Event: 1.943 GC heap before
{Heap before GC invocations=2 (full 0):
 PSYoungGen      total 153600K, used 132416K [0x00000007c0000000, 0x00000007cab00000, 0x0000000800000000)
  eden space 132096K, 100% used [0x00000007c0000000,0x00000007c8100000,0x00000007c8100000)
  from space 21504K, 1% used [0x00000007c8100000,0x00000007c8150000,0x00000007c9600000)
  to   space 21504K, 0% used [0x00000007c9600000,0x00000007c9600000,0x00000007cab00000)
 ParOldGen       total 349696K, used 8K [0x0000000740000000, 0x0000000755580000, 0x00000007c0000000)
  object space 349696K, 0% used [0x0000000740000000,0x0000000740002000,0x0000000755580000)
 PSPermGen       total 21504K, used 2409K [0x000000073ae00000, 0x000000073c300000, 0x0000000740000000)
  object space 21504K, 11% used [0x000000073ae00000,0x000000073b05a6a0,0x000000073c300000)
Event: 1.945 GC heap after
Heap after GC invocations=2 (full 0):
 PSYoungGen      total 153600K, used 320K [0x00000007c0000000, 0x00000007cab00000, 0x0000000800000000)
  eden space 132096K, 0% used [0x00000007c0000000,0x00000007c0000000,0x00000007c8100000)
  from space 21504K, 1% used [0x00000007c9600000,0x00000007c9650020,0x00000007cab00000)
  to   space 21504K, 0% used [0x00000007c8100000,0x00000007c8100000,0x00000007c9600000)
 ParOldGen       total 349696K, used 8K [0x0000000740000000, 0x0000000755580000, 0x00000007c0000000)
  object space 349696K, 0% used [0x0000000740000000,0x0000000740002000,0x0000000755580000)
 PSPermGen       total 21504K, used 2409K [0x000000073ae00000, 0x000000073c300000, 0x0000000740000000)
  object space 21504K, 11% used [0x000000073ae00000,0x000000073b05a6a0,0x000000073c300000)
}
Event: 2.085 GC heap before
{Heap before GC invocations=3 (full 0):
 PSYoungGen      total 153600K, used 132416K [0x00000007c0000000, 0x00000007cab00000, 0x0000000800000000)
  eden space 132096K, 100% used [0x00000007c0000000,0x00000007c8100000,0x00000007c8100000)
  from space 21504K, 1% used [0x00000007c9600000,0x00000007c9650020,0x00000007cab00000)
  to   space 21504K, 0% used [0x00000007c8100000,0x00000007c8100000,0x00000007c9600000)
 ParOldGen       total 349696K, used 8K [0x0000000740000000, 0x0000000755580000, 0x00000007c0000000)
  object space 349696K, 0% used [0x0000000740000000,0x0000000740002000,0x0000000755580000)
 PSPermGen       total 21504K, used 2409K [0x000000073ae00000, 0x000000073c300000, 0x0000000740000000)
  object space 21504K, 11% used [0x000000073ae00000,0x000000073b05a6e0,0x000000073c300000)
Event: 2.237 GC heap after
Heap after GC invocations=3 (full 0):
 PSYoungGen      total 153600K, used 21483K [0x00000007c0000000, 0x00000007d2c00000, 0x0000000800000000)
  eden space 132096K, 0% used [0x00000007c0000000,0x00000007c0000000,0x00000007c8100000)
  from space 21504K, 99% used [0x00000007c8100000,0x00000007c95fad10,0x00000007c9600000)
  to   space 21504K, 0% used [0x00000007d1700000,0x00000007d1700000,0x00000007d2c00000)
 ParOldGen       total 349696K, used 95880K [0x0000000740000000, 0x0000000755580000, 0x00000007c0000000)
  object space 349696K, 27% used [0x0000000740000000,0x0000000745da2000,0x0000000755580000)
 PSPermGen       total 21504K, used 2409K [0x000000073ae00000, 0x000000073c300000, 0x0000000740000000)
  object space 21504K, 11% used [0x000000073ae00000,0x000000073b05a6e0,0x000000073c300000)
}
Event: 2.378 GC heap before
{Heap before GC invocations=4 (full 0):
 PSYoungGen      total 153600K, used 153579K [0x00000007c0000000, 0x00000007d2c00000, 0x0000000800000000)
  eden space 132096K, 100% used [0x00000007c0000000,0x00000007c8100000,0x00000007c8100000)
  from space 21504K, 99% used [0x00000007c8100000,0x00000007c95fad10,0x00000007c9600000)
  to   space 21504K, 0% used [0x00000007d1700000,0x00000007d1700000,0x00000007d2c00000)
 ParOldGen       total 349696K, used 95880K [0x0000000740000000, 0x0000000755580000, 0x00000007c0000000)
  object space 349696K, 27% used [0x0000000740000000,0x0000000745da2000,0x0000000755580000)
 PSPermGen       total 21504K, used 2409K [0x000000073ae00000, 0x000000073c300000, 0x0000000740000000)
  object space 21504K, 11% used [0x000000073ae00000,0x000000073b05a6e0,0x000000073c300000)
Event: 2.571 GC heap after
Heap after GC invocations=4 (full 0):
 PSYoungGen      total 285696K, used 21483K [0x00000007c0000000, 0x00000007d2c00000, 0x0000000800000000)
  eden space 264192K, 0% used [0x00000007c0000000,0x00000007c0000000,0x00000007d0200000)
  from space 21504K, 99% used [0x00000007d1700000,0x00000007d2bfad30,0x00000007d2c00000)
  to   space 21504K, 0% used [0x00000007d0200000,0x00000007d0200000,0x00000007d1700000)
 ParOldGen       total 349696K, used 228136K [0x0000000740000000, 0x0000000755580000, 0x00000007c0000000)
  object space 349696K, 65% used [0x0000000740000000,0x000000074deca000,0x0000000755580000)
 PSPermGen       total 21504K, used 2409K [0x000000073ae00000, 0x000000073c300000, 0x0000000740000000)
  object space 21504K, 11% used [0x000000073ae00000,0x000000073b05a6e0,0x000000073c300000)
}
Event: 2.572 GC heap before
{Heap before GC invocations=5 (full 1):
 PSYoungGen      total 285696K, used 21483K [0x00000007c0000000, 0x00000007d2c00000, 0x0000000800000000)
  eden space 264192K, 0% used [0x00000007c0000000,0x00000007c0000000,0x00000007d0200000)
  from space 21504K, 99% used [0x00000007d1700000,0x00000007d2bfad30,0x00000007d2c00000)
  to   space 21504K, 0% used [0x00000007d0200000,0x00000007d0200000,0x00000007d1700000)
 ParOldGen       total 349696K, used 228136K [0x0000000740000000, 0x0000000755580000, 0x00000007c0000000)
  object space 349696K, 65% used [0x0000000740000000,0x000000074deca000,0x0000000755580000)
 PSPermGen       total 21504K, used 2409K [0x000000073ae00000, 0x000000073c300000, 0x0000000740000000)
  object space 21504K, 11% used [0x000000073ae00000,0x000000073b05a6e0,0x000000073c300000)

Deoptimization events (1 events):
Event: 1.965 Thread 0x00007f8554009800 Uncommon trap: reason=unreached action=reinterpret pc=0x00007f8551066530 method=sorting2014.SortDemo.readData(Ljava/lang/String;)[Ljava/lang/Comparable; @ 81

Internal exceptions (2 events):
Event: 0.410 Thread 0x00007f8554009800 Threw 0x00000007c00102e0 at /HUDSON/workspace/7u-2-build-linux-amd64@2/jdk7u51/527/hotspot/src/share/vm/prims/jni.cpp:3991
Event: 0.439 Thread 0x00007f8554009800 Threw 0x00000007c0046530 at /HUDSON/workspace/7u-2-build-linux-amd64@2/jdk7u51/527/hotspot/src/share/vm/prims/jvm.cpp:1244

Events (10 events):
Event: 1.727 loading class 0x00007f855806d3a0
Event: 1.746 loading class 0x00007f855806d3a0 done
Event: 1.943 Executing VM operation: ParallelGCFailedAllocation
Event: 1.945 Executing VM operation: ParallelGCFailedAllocation done
Event: 1.965 Thread 0x00007f8554009800 Uncommon trap: trap_request=0xffffffad fr.pc=0x00007f8551066530
Event: 1.965 Thread 0x00007f8554009800 DEOPT PACKING pc=0x00007f8551066530 sp=0x00007f855c38a8a0
Event: 1.965 Thread 0x00007f8554009800 DEOPT UNPACKING pc=0x00007f8551039045 sp=0x00007f855c38a850 mode 2
Event: 2.085 Executing VM operation: ParallelGCFailedAllocation
Event: 2.237 Executing VM operation: ParallelGCFailedAllocation done
Event: 2.378 Executing VM operation: ParallelGCFailedAllocation


Dynamic libraries:
00400000-00401000 r-xp 00000000 08:11 9963148                            /usr/lib/jvm/java-7-oracle/bin/java
00600000-00601000 rw-p 00000000 08:11 9963148                            /usr/lib/jvm/java-7-oracle/bin/java
01c04000-01c25000 rw-p 00000000 00:00 0                                  [heap]
73ae00000-73c300000 rw-p 00000000 00:00 0 
73c300000-740000000 rw-p 00000000 00:00 0 
740000000-755580000 rw-p 00000000 00:00 0 
766700000-7c0000000 rw-p 00000000 00:00 0 
7c0000000-7d2c00000 rw-p 00000000 00:00 0 
7d2c00000-800000000 rw-p 00000000 00:00 0 
7f8510000000-7f8510021000 rw-p 00000000 00:00 0 
7f8510021000-7f8514000000 ---p 00000000 00:00 0 
7f8514000000-7f8514021000 rw-p 00000000 00:00 0 
7f8514021000-7f8518000000 ---p 00000000 00:00 0 
7f8518000000-7f851817c000 rw-p 00000000 00:00 0 
7f851817c000-7f851c000000 ---p 00000000 00:00 0 
7f851c000000-7f851c135000 rw-p 00000000 00:00 0 
7f851c135000-7f8520000000 ---p 00000000 00:00 0 
7f8520000000-7f8520021000 rw-p 00000000 00:00 0 
7f8520021000-7f8524000000 ---p 00000000 00:00 0 
7f8524000000-7f8524021000 rw-p 00000000 00:00 0 
7f8524021000-7f8528000000 ---p 00000000 00:00 0 
7f8528000000-7f8528021000 rw-p 00000000 00:00 0 
7f8528021000-7f852c000000 ---p 00000000 00:00 0 
7f852dd70000-7f8534000000 rw-p 00000000 00:00 0 
7f8534000000-7f8534021000 rw-p 00000000 00:00 0 
7f8534021000-7f8538000000 ---p 00000000 00:00 0 
7f8538000000-7f8538021000 rw-p 00000000 00:00 0 
7f8538021000-7f853c000000 ---p 00000000 00:00 0 
7f853c000000-7f853c021000 rw-p 00000000 00:00 0 
7f853c021000-7f8540000000 ---p 00000000 00:00 0 
7f8544000000-7f8544021000 rw-p 00000000 00:00 0 
7f8544021000-7f8548000000 ---p 00000000 00:00 0 
7f854accf000-7f854af14000 rw-p 00000000 00:00 0 
7f854af14000-7f854af15000 ---p 00000000 00:00 0 
7f854af15000-7f854b015000 rw-p 00000000 00:00 0                          [stack:31135]
7f854b015000-7f854b018000 ---p 00000000 00:00 0 
7f854b018000-7f854b116000 rw-p 00000000 00:00 0                          [stack:31134]
7f854b116000-7f854b119000 ---p 00000000 00:00 0 
7f854b119000-7f854b217000 rw-p 00000000 00:00 0                          [stack:31133]
7f854b217000-7f854b21a000 ---p 00000000 00:00 0 
7f854b21a000-7f854b318000 rw-p 00000000 00:00 0                          [stack:31132]
7f854b318000-7f854b31b000 ---p 00000000 00:00 0 
7f854b31b000-7f854b419000 rw-p 00000000 00:00 0                          [stack:31131]
7f854b419000-7f854bafb000 r--p 00000000 08:11 137854                     /usr/lib/locale/locale-archive
7f854bafb000-7f854bafe000 ---p 00000000 00:00 0 
7f854bafe000-7f854bbfc000 rw-p 00000000 00:00 0                          [stack:31130]
7f854bbfc000-7f854bbff000 ---p 00000000 00:00 0 
7f854bbff000-7f854bcfd000 rw-p 00000000 00:00 0                          [stack:31129]
7f854bcfd000-7f854bcfe000 ---p 00000000 00:00 0 
7f854bcfe000-7f854c000000 rw-p 00000000 00:00 0                          [stack:31128]
7f854c000000-7f854c021000 rw-p 00000000 00:00 0 
7f854c021000-7f8550000000 ---p 00000000 00:00 0 
7f8550012000-7f8550dcd000 rw-p 00000000 00:00 0 
7f8550dcd000-7f8550f8a000 r--s 039bf000 08:11 9705507                    /usr/lib/jvm/java-7-oracle/jre/lib/rt.jar
7f8550f8a000-7f8551000000 rw-p 00000000 00:00 0 
7f8551000000-7f8551270000 rwxp 00000000 00:00 0 
7f8551270000-7f85540ac000 rw-p 00000000 00:00 0 
7f85540ac000-7f8558000000 ---p 00000000 00:00 0 
7f8558004000-7f8558730000 rw-p 00000000 00:00 0 
7f8558730000-7f8558731000 ---p 00000000 00:00 0 
7f8558731000-7f8558831000 rw-p 00000000 00:00 0                          [stack:31127]
7f8558831000-7f8558832000 ---p 00000000 00:00 0 
7f8558832000-7f8558932000 rw-p 00000000 00:00 0                          [stack:31126]
7f8558932000-7f8558933000 ---p 00000000 00:00 0 
7f8558933000-7f8558a33000 rw-p 00000000 00:00 0                          [stack:31125]
7f8558a33000-7f8558a34000 ---p 00000000 00:00 0 
7f8558a34000-7f8558b3f000 rw-p 00000000 00:00 0                          [stack:31124]
7f8558b3f000-7f8558b5d000 rw-p 00000000 00:00 0 
7f8558b5d000-7f8558c08000 rw-p 00000000 00:00 0 
7f8558c08000-7f8558f5d000 rw-p 00000000 00:00 0 
7f8558f5d000-7f8558f68000 rw-p 00000000 00:00 0 
7f8558f68000-7f8558f86000 rw-p 00000000 00:00 0 
7f8558f86000-7f8559031000 rw-p 00000000 00:00 0 
7f8559031000-7f8559386000 rw-p 00000000 00:00 0 
7f8559386000-7f855941c000 rw-p 00000000 00:00 0 
7f855941c000-7f8559586000 rw-p 00000000 00:00 0 
7f8559586000-7f8559587000 rw-p 00000000 00:00 0 
7f8559587000-7f85595a1000 r-xp 00000000 08:11 9962501                    /usr/lib/jvm/java-7-oracle/jre/lib/amd64/libzip.so
7f85595a1000-7f85597a1000 ---p 0001a000 08:11 9962501                    /usr/lib/jvm/java-7-oracle/jre/lib/amd64/libzip.so
7f85597a1000-7f85597a2000 rw-p 0001a000 08:11 9962501                    /usr/lib/jvm/java-7-oracle/jre/lib/amd64/libzip.so
7f85597a2000-7f85597ae000 r-xp 00000000 08:11 14946164                   /lib/x86_64-linux-gnu/libnss_files-2.17.so
7f85597ae000-7f85599ad000 ---p 0000c000 08:11 14946164                   /lib/x86_64-linux-gnu/libnss_files-2.17.so
7f85599ad000-7f85599ae000 r--p 0000b000 08:11 14946164                   /lib/x86_64-linux-gnu/libnss_files-2.17.so
7f85599ae000-7f85599af000 rw-p 0000c000 08:11 14946164                   /lib/x86_64-linux-gnu/libnss_files-2.17.so
7f85599af000-7f85599ba000 r-xp 00000000 08:11 14946168                   /lib/x86_64-linux-gnu/libnss_nis-2.17.so
7f85599ba000-7f8559bb9000 ---p 0000b000 08:11 14946168                   /lib/x86_64-linux-gnu/libnss_nis-2.17.so
7f8559bb9000-7f8559bba000 r--p 0000a000 08:11 14946168                   /lib/x86_64-linux-gnu/libnss_nis-2.17.so
7f8559bba000-7f8559bbb000 rw-p 0000b000 08:11 14946168                   /lib/x86_64-linux-gnu/libnss_nis-2.17.so
7f8559bbb000-7f8559bd2000 r-xp 00000000 08:11 14946158                   /lib/x86_64-linux-gnu/libnsl-2.17.so
7f8559bd2000-7f8559dd1000 ---p 00017000 08:11 14946158                   /lib/x86_64-linux-gnu/libnsl-2.17.so
7f8559dd1000-7f8559dd2000 r--p 00016000 08:11 14946158                   /lib/x86_64-linux-gnu/libnsl-2.17.so
7f8559dd2000-7f8559dd3000 rw-p 00017000 08:11 14946158                   /lib/x86_64-linux-gnu/libnsl-2.17.so
7f8559dd3000-7f8559dd5000 rw-p 00000000 00:00 0 
7f8559dd5000-7f8559ddd000 r-xp 00000000 08:11 14946160                   /lib/x86_64-linux-gnu/libnss_compat-2.17.so
7f8559ddd000-7f8559fdc000 ---p 00008000 08:11 14946160                   /lib/x86_64-linux-gnu/libnss_compat-2.17.so
7f8559fdc000-7f8559fdd000 r--p 00007000 08:11 14946160                   /lib/x86_64-linux-gnu/libnss_compat-2.17.so
7f8559fdd000-7f8559fde000 rw-p 00008000 08:11 14946160                   /lib/x86_64-linux-gnu/libnss_compat-2.17.so
7f8559fde000-7f855a007000 r-xp 00000000 08:11 9962514                    /usr/lib/jvm/java-7-oracle/jre/lib/amd64/libjava.so
7f855a007000-7f855a207000 ---p 00029000 08:11 9962514                    /usr/lib/jvm/java-7-oracle/jre/lib/amd64/libjava.so
7f855a207000-7f855a209000 rw-p 00029000 08:11 9962514                    /usr/lib/jvm/java-7-oracle/jre/lib/amd64/libjava.so
7f855a209000-7f855a216000 r-xp 00000000 08:11 9962505                    /usr/lib/jvm/java-7-oracle/jre/lib/amd64/libverify.so
7f855a216000-7f855a415000 ---p 0000d000 08:11 9962505                    /usr/lib/jvm/java-7-oracle/jre/lib/amd64/libverify.so
7f855a415000-7f855a417000 rw-p 0000c000 08:11 9962505                    /usr/lib/jvm/java-7-oracle/jre/lib/amd64/libverify.so
7f855a417000-7f855a41e000 r-xp 00000000 08:11 14946211                   /lib/x86_64-linux-gnu/librt-2.17.so
7f855a41e000-7f855a61d000 ---p 00007000 08:11 14946211                   /lib/x86_64-linux-gnu/librt-2.17.so
7f855a61d000-7f855a61e000 r--p 00006000 08:11 14946211                   /lib/x86_64-linux-gnu/librt-2.17.so
7f855a61e000-7f855a61f000 rw-p 00007000 08:11 14946211                   /lib/x86_64-linux-gnu/librt-2.17.so
7f855a61f000-7f855a722000 r-xp 00000000 08:11 14946139                   /lib/x86_64-linux-gnu/libm-2.17.so
7f855a722000-7f855a921000 ---p 00103000 08:11 14946139                   /lib/x86_64-linux-gnu/libm-2.17.so
7f855a921000-7f855a922000 r--p 00102000 08:11 14946139                   /lib/x86_64-linux-gnu/libm-2.17.so
7f855a922000-7f855a923000 rw-p 00103000 08:11 14946139                   /lib/x86_64-linux-gnu/libm-2.17.so
7f855a923000-7f855b485000 r-xp 00000000 08:11 9962538                    /usr/lib/jvm/java-7-oracle/jre/lib/amd64/server/libjvm.so
7f855b485000-7f855b685000 ---p 00b62000 08:11 9962538                    /usr/lib/jvm/java-7-oracle/jre/lib/amd64/server/libjvm.so
7f855b685000-7f855b748000 rw-p 00b62000 08:11 9962538                    /usr/lib/jvm/java-7-oracle/jre/lib/amd64/server/libjvm.so
7f855b748000-7f855b789000 rw-p 00000000 00:00 0 
7f855b789000-7f855b946000 r-xp 00000000 08:11 14946088                   /lib/x86_64-linux-gnu/libc-2.17.so
7f855b946000-7f855bb46000 ---p 001bd000 08:11 14946088                   /lib/x86_64-linux-gnu/libc-2.17.so
7f855bb46000-7f855bb4a000 r--p 001bd000 08:11 14946088                   /lib/x86_64-linux-gnu/libc-2.17.so
7f855bb4a000-7f855bb4c000 rw-p 001c1000 08:11 14946088                   /lib/x86_64-linux-gnu/libc-2.17.so
7f855bb4c000-7f855bb51000 rw-p 00000000 00:00 0 
7f855bb51000-7f855bb54000 r-xp 00000000 08:11 14946103                   /lib/x86_64-linux-gnu/libdl-2.17.so
7f855bb54000-7f855bd53000 ---p 00003000 08:11 14946103                   /lib/x86_64-linux-gnu/libdl-2.17.so
7f855bd53000-7f855bd54000 r--p 00002000 08:11 14946103                   /lib/x86_64-linux-gnu/libdl-2.17.so
7f855bd54000-7f855bd55000 rw-p 00003000 08:11 14946103                   /lib/x86_64-linux-gnu/libdl-2.17.so
7f855bd55000-7f855bd6b000 r-xp 00000000 08:11 9579560                    /usr/lib/jvm/java-7-oracle/lib/amd64/jli/libjli.so
7f855bd6b000-7f855bf6b000 ---p 00016000 08:11 9579560                    /usr/lib/jvm/java-7-oracle/lib/amd64/jli/libjli.so
7f855bf6b000-7f855bf6c000 rw-p 00016000 08:11 9579560                    /usr/lib/jvm/java-7-oracle/lib/amd64/jli/libjli.so
7f855bf6c000-7f855bf83000 r-xp 00000000 08:11 14946203                   /lib/x86_64-linux-gnu/libpthread-2.17.so
7f855bf83000-7f855c183000 ---p 00017000 08:11 14946203                   /lib/x86_64-linux-gnu/libpthread-2.17.so
7f855c183000-7f855c184000 r--p 00017000 08:11 14946203                   /lib/x86_64-linux-gnu/libpthread-2.17.so
7f855c184000-7f855c185000 rw-p 00018000 08:11 14946203                   /lib/x86_64-linux-gnu/libpthread-2.17.so
7f855c185000-7f855c189000 rw-p 00000000 00:00 0 
7f855c189000-7f855c1ac000 r-xp 00000000 08:11 14946064                   /lib/x86_64-linux-gnu/ld-2.17.so
7f855c1cb000-7f855c1d5000 rw-p 00000000 00:00 0 
7f855c1d5000-7f855c28b000 rw-p 00000000 00:00 0 
7f855c28b000-7f855c28e000 ---p 00000000 00:00 0 
7f855c28e000-7f855c390000 rw-p 00000000 00:00 0                          [stack:31123]
7f855c39d000-7f855c39e000 rw-p 00000000 00:00 0 
7f855c39e000-7f855c39f000 r--p 00000000 08:11 789636                     /usr/share/locale-langpack/en_GB/LC_MESSAGES/libc.mo
7f855c39f000-7f855c3a7000 rw-s 00000000 08:11 13240102                   /tmp/hsperfdata_mike/31117
7f855c3a7000-7f855c3a8000 rw-p 00000000 00:00 0 
7f855c3a8000-7f855c3a9000 ---p 00000000 00:00 0 
7f855c3a9000-7f855c3ab000 rw-p 00000000 00:00 0 
7f855c3ab000-7f855c3ac000 r--p 00022000 08:11 14946064                   /lib/x86_64-linux-gnu/ld-2.17.so
7f855c3ac000-7f855c3ae000 rw-p 00023000 08:11 14946064                   /lib/x86_64-linux-gnu/ld-2.17.so
7fff67485000-7fff674a6000 rw-p 00000000 00:00 0                          [stack]
7fff675fe000-7fff67600000 r-xp 00000000 00:00 0                          [vdso]
ffffffffff600000-ffffffffff601000 r-xp 00000000 00:00 0                  [vsyscall]

VM Arguments:
jvm_args: -Xms512M -Xmx3072M -Dfile.encoding=UTF-8 
java_command: sorting2014.SortDemo
Launcher Type: SUN_STANDARD

Environment Variables:
PATH=/usr/lib/lightdm/lightdm:/usr/local/sbin:/usr/local/bin:/usr/sbin:/usr/bin:/sbin:/bin:/usr/games:/usr/local/games
SHELL=/bin/bash
DISPLAY=:0.0

Signal Handlers:
SIGSEGV: [libjvm.so+0x993870], sa_mask[0]=0x7ffbfeff, sa_flags=0x10000004
SIGBUS: [libjvm.so+0x993870], sa_mask[0]=0x7ffbfeff, sa_flags=0x10000004
SIGFPE: [libjvm.so+0x8105b0], sa_mask[0]=0x7ffbfeff, sa_flags=0x10000004
SIGPIPE: [libjvm.so+0x8105b0], sa_mask[0]=0x7ffbfeff, sa_flags=0x10000004
SIGXFSZ: [libjvm.so+0x8105b0], sa_mask[0]=0x7ffbfeff, sa_flags=0x10000004
SIGILL: [libjvm.so+0x8105b0], sa_mask[0]=0x7ffbfeff, sa_flags=0x10000004
SIGUSR1: SIG_DFL, sa_mask[0]=0x00000000, sa_flags=0x00000000
SIGUSR2: [libjvm.so+0x811aa0], sa_mask[0]=0x00000004, sa_flags=0x10000004
SIGHUP: [libjvm.so+0x812a10], sa_mask[0]=0x7ffbfeff, sa_flags=0x10000004
SIGINT: [libjvm.so+0x812a10], sa_mask[0]=0x7ffbfeff, sa_flags=0x10000004
SIGTERM: [libjvm.so+0x812a10], sa_mask[0]=0x7ffbfeff, sa_flags=0x10000004
SIGQUIT: [libjvm.so+0x812a10], sa_mask[0]=0x7ffbfeff, sa_flags=0x10000004


---------------  S Y S T E M  ---------------

OS:wheezy/sid

uname:Linux 3.11.0-19-generic #33-Ubuntu SMP Tue Mar 11 18:48:34 UTC 2014 x86_64
libc:glibc 2.17 NPTL 2.17 
rlimit: STACK 8192k, CORE 0k, NPROC 29298, NOFILE 4096, AS infinity
load average:1.18 0.51 0.46

/proc/meminfo:
MemTotal:        3778832 kB
MemFree:          117108 kB
Buffers:            1940 kB
Cached:           495148 kB
SwapCached:            0 kB
Active:          2992432 kB
Inactive:         445572 kB
Active(anon):    2945276 kB
Inactive(anon):   392008 kB
Active(file):      47156 kB
Inactive(file):    53564 kB
Unevictable:        3796 kB
Mlocked:            3796 kB
SwapTotal:             0 kB
SwapFree:              0 kB
Dirty:               908 kB
Writeback:             0 kB
AnonPages:       2945016 kB
Mapped:           128312 kB
Shmem:            393824 kB
Slab:              83616 kB
SReclaimable:      37896 kB
SUnreclaim:        45720 kB
KernelStack:        8072 kB
PageTables:        61548 kB
NFS_Unstable:          0 kB
Bounce:                0 kB
WritebackTmp:          0 kB
CommitLimit:     1889416 kB
Committed_AS:    9198232 kB
VmallocTotal:   34359738367 kB
VmallocUsed:      550096 kB
VmallocChunk:   34359185108 kB
HardwareCorrupted:     0 kB
AnonHugePages:         0 kB
HugePages_Total:       0
HugePages_Free:        0
HugePages_Rsvd:        0
HugePages_Surp:        0
Hugepagesize:       2048 kB
DirectMap4k:      154308 kB
DirectMap2M:     3766272 kB


CPU:total 4 (2 cores per cpu, 2 threads per core) family 6 model 37 stepping 5, cmov, cx8, fxsr, mmx, sse, sse2, sse3, ssse3, sse4.1, sse4.2, popcnt, ht, tsc, tscinvbit

/proc/cpuinfo:
processor	: 0
vendor_id	: GenuineIntel
cpu family	: 6
model		: 37
model name	: Intel(R) Core(TM) i5 CPU       M 460  @ 2.53GHz
stepping	: 5
microcode	: 0x2
cpu MHz		: 1199.000
cache size	: 3072 KB
physical id	: 0
siblings	: 4
core id		: 0
cpu cores	: 2
apicid		: 0
initial apicid	: 0
fpu		: yes
fpu_exception	: yes
cpuid level	: 11
wp		: yes
flags		: fpu vme de pse tsc msr pae mce cx8 apic sep mtrr pge mca cmov pat pse36 clflush dts acpi mmx fxsr sse sse2 ss ht tm pbe syscall nx rdtscp lm constant_tsc arch_perfmon pebs bts rep_good nopl xtopology nonstop_tsc aperfmperf pni dtes64 monitor ds_cpl vmx est tm2 ssse3 cx16 xtpr pdcm pcid sse4_1 sse4_2 popcnt lahf_lm ida arat dtherm tpr_shadow vnmi flexpriority ept vpid
bogomips	: 5053.89
clflush size	: 64
cache_alignment	: 64
address sizes	: 36 bits physical, 48 bits virtual
power management:

processor	: 1
vendor_id	: GenuineIntel
cpu family	: 6
model		: 37
model name	: Intel(R) Core(TM) i5 CPU       M 460  @ 2.53GHz
stepping	: 5
microcode	: 0x2
cpu MHz		: 2534.000
cache size	: 3072 KB
physical id	: 0
siblings	: 4
core id		: 2
cpu cores	: 2
apicid		: 4
initial apicid	: 4
fpu		: yes
fpu_exception	: yes
cpuid level	: 11
wp		: yes
flags		: fpu vme de pse tsc msr pae mce cx8 apic sep mtrr pge mca cmov pat pse36 clflush dts acpi mmx fxsr sse sse2 ss ht tm pbe syscall nx rdtscp lm constant_tsc arch_perfmon pebs bts rep_good nopl xtopology nonstop_tsc aperfmperf pni dtes64 monitor ds_cpl vmx est tm2 ssse3 cx16 xtpr pdcm pcid sse4_1 sse4_2 popcnt lahf_lm ida arat dtherm tpr_shadow vnmi flexpriority ept vpid
bogomips	: 5053.89
clflush size	: 64
cache_alignment	: 64
address sizes	: 36 bits physical, 48 bits virtual
power management:

processor	: 2
vendor_id	: GenuineIntel
cpu family	: 6
model		: 37
model name	: Intel(R) Core(TM) i5 CPU       M 460  @ 2.53GHz
stepping	: 5
microcode	: 0x2
cpu MHz		: 1199.000
cache size	: 3072 KB
physical id	: 0
siblings	: 4
core id		: 0
cpu cores	: 2
apicid		: 1
initial apicid	: 1
fpu		: yes
fpu_exception	: yes
cpuid level	: 11
wp		: yes
flags		: fpu vme de pse tsc msr pae mce cx8 apic sep mtrr pge mca cmov pat pse36 clflush dts acpi mmx fxsr sse sse2 ss ht tm pbe syscall nx rdtscp lm constant_tsc arch_perfmon pebs bts rep_good nopl xtopology nonstop_tsc aperfmperf pni dtes64 monitor ds_cpl vmx est tm2 ssse3 cx16 xtpr pdcm pcid sse4_1 sse4_2 popcnt lahf_lm ida arat dtherm tpr_shadow vnmi flexpriority ept vpid
bogomips	: 5053.89
clflush size	: 64
cache_alignment	: 64
address sizes	: 36 bits physical, 48 bits virtual
power management:

processor	: 3
vendor_id	: GenuineIntel
cpu family	: 6
model		: 37
model name	: Intel(R) Core(TM) i5 CPU       M 460  @ 2.53GHz
stepping	: 5
microcode	: 0x2
cpu MHz		: 2534.000
cache size	: 3072 KB
physical id	: 0
siblings	: 4
core id		: 2
cpu cores	: 2
apicid		: 5
initial apicid	: 5
fpu		: yes
fpu_exception	: yes
cpuid level	: 11
wp		: yes
flags		: fpu vme de pse tsc msr pae mce cx8 apic sep mtrr pge mca cmov pat pse36 clflush dts acpi mmx fxsr sse sse2 ss ht tm pbe syscall nx rdtscp lm constant_tsc arch_perfmon pebs bts rep_good nopl xtopology nonstop_tsc aperfmperf pni dtes64 monitor ds_cpl vmx est tm2 ssse3 cx16 xtpr pdcm pcid sse4_1 sse4_2 popcnt lahf_lm ida arat dtherm tpr_shadow vnmi flexpriority ept vpid
bogomips	: 5053.89
clflush size	: 64
cache_alignment	: 64
address sizes	: 36 bits physical, 48 bits virtual
power management:



Memory: 4k page, physical 3778832k(117108k free), swap 0k(0k free)

vm_info: Java HotSpot(TM) 64-Bit Server VM (24.51-b03) for linux-amd64 JRE (1.7.0_51-b13), built on Dec 18 2013 18:48:01 by "java_re" with gcc 4.3.0 20080428 (Red Hat 4.3.0-8)

time: Wed Mar 19 12:45:46 2014
elapsed time: 5 seconds

